----------

Sun Jul 21 2019 05:50:14 GMT-0300 (Hora estándar de Argentina)

fatal: 'origin' does not appear to be a git repository


----------

Sun Jul 21 2019 05:50:14 GMT-0300 (Hora estándar de Argentina)

fatal: Could not read from remote repository.

Please make sure you have the correct access rights
and the repository exists.


----------

Sun Jul 21 2019 05:54:11 GMT-0300 (Hora estándar de Argentina)

fatal: 'origin' does not appear to be a git repository


----------

Sun Jul 21 2019 05:54:11 GMT-0300 (Hora estándar de Argentina)

fatal: Could not read from remote repository.

Please make sure you have the correct access rights
and the repository exists.


----------

Sun Jul 21 2019 06:58:46 GMT-0300 (Hora estándar de Argentina)

To https://github.com/corbaz/jcc.git
 + dde3f8c...fc11d60 master -> master (forced update)


